<?xml version="1.0" encoding="UTF-8"?>
<testng-results skipped="0" failed="0" total="2" passed="2">
  <reporter-output>
  </reporter-output>
  <suite name="Default suite" duration-ms="59" started-at="2019-08-23T17:54:46Z" finished-at="2019-08-23T17:54:46Z">
    <groups>
    </groups>
    <test name="Default test" duration-ms="59" started-at="2019-08-23T17:54:46Z" finished-at="2019-08-23T17:54:46Z">
      <class name="test.T1">
        <test-method status="PASS" signature="t12()[pri:0, instance:test.T1@25618e91]" name="t12" duration-ms="28" started-at="2019-08-23T23:24:46Z" finished-at="2019-08-23T23:24:46Z">
          <reporter-output>
          </reporter-output>
        </test-method> <!-- t12 -->
        <test-method status="PASS" signature="t13()[pri:1, instance:test.T1@25618e91]" name="t13" duration-ms="2" started-at="2019-08-23T23:24:46Z" finished-at="2019-08-23T23:24:46Z">
          <reporter-output>
          </reporter-output>
        </test-method> <!-- t13 -->
      </class> <!-- test.T1 -->
    </test> <!-- Default test -->
  </suite> <!-- Default suite -->
</testng-results>
