<?xml version="1.0" encoding="UTF-8"?>
<testng-results skipped="0" failed="0" total="2" passed="2">
  <reporter-output>
  </reporter-output>
  <suite name="Suite" duration-ms="15" started-at="2021-05-01T05:35:22Z" finished-at="2021-05-01T05:35:22Z">
    <groups>
    </groups>
    <test name="Test" duration-ms="15" started-at="2021-05-01T05:35:22Z" finished-at="2021-05-01T05:35:22Z">
      <class name="test.T1">
        <test-method status="PASS" signature="t13()[pri:1, instance:test.T1@591f989e]" name="t13" duration-ms="0" started-at="2021-05-01T11:05:22Z" finished-at="2021-05-01T11:05:22Z">
          <reporter-output>
          </reporter-output>
        </test-method> <!-- t13 -->
        <test-method status="PASS" signature="t12()[pri:0, instance:test.T1@591f989e]" name="t12" duration-ms="0" started-at="2021-05-01T11:05:22Z" finished-at="2021-05-01T11:05:22Z">
          <reporter-output>
          </reporter-output>
        </test-method> <!-- t12 -->
      </class> <!-- test.T1 -->
    </test> <!-- Test -->
  </suite> <!-- Suite -->
</testng-results>
